<?xml version="1.0" encoding="UTF-8"?>
<!-- Generated by org.testng.reporters.JUnitReportReporter -->
<testsuite skipped="0" hostname="DESKTOP-1GCILR8" name="testpageobjects.TestSortList" tests="2" failures="0" timestamp="30 out 2018 20:57:15 GMT" time="9.323" errors="0">
  <testcase name="Test2VerifyListOrdered" time="0.103" classname="testpageobjects.TestSortList"/>
  <testcase name="Test1OrderItem" time="9.220" classname="testpageobjects.TestSortList"/>
</testsuite> <!-- testpageobjects.TestSortList -->
